<?xml version="1.0" encoding="utf-8"?><testsuites><testsuite name="pytest" errors="0" failures="0" skipped="0" tests="6" time="0.132" timestamp="2023-02-24T11:48:00.170656" hostname="DESKTOP-WIZGEO"><testcase classname="tests.test_bytebank.TestClass" name="test_property_nome_deve_retornar_o_atributo_nome_do_objeto" time="0.003" /><testcase classname="tests.test_bytebank.TestClass" name="test_quando_idade_recebe_16_01_2004_deve_retornar_o_valor_19" time="0.002" /><testcase classname="tests.test_bytebank.TestClass" name="test_quando_o_metodo_sobrenome_recebe_Lucas_Machado_Carvalho_deve_retornar_Carvalho" time="0.001" /><testcase classname="tests.test_bytebank.TestClass" name="test_decressimo_salario_se_diretor_recebe_mais_de_100000_deve_retornar_menos_10_porcento" time="0.002" /><testcase classname="tests.test_bytebank.TestClass" name="test_quando_salario_1000_calcular_bonus_deve_retornar_100" time="0.001" /><testcase classname="tests.test_bytebank.TestClass" name="test_calcular_bonus_quando_usuario_nao_satisfaz_as_condicoes_deve_resultar_em_Exception" time="0.001" /></testsuite></testsuites>